[${project.name}][${env:SERVER_PORT}] 2023-08-23 17:01:34,378 INFO [main][:] - using logger: org.apache.dubbo.common.logger.slf4j.Slf4jLoggerAdapter
[${project.name}][${env:SERVER_PORT}] 2023-08-23 17:01:34,389 INFO [main][WelcomeLogoApplicationListener.java:63] - 

 :: Dubbo Spring Boot (v2.7.3) : https://github.com/apache/dubbo-spring-boot-project
 :: Dubbo (v2.7.3) : https://github.com/apache/incubator-dubbo
 :: Discuss group : dev@dubbo.apache.org

[${project.name}][${env:SERVER_PORT}] 2023-08-23 17:01:34,392 INFO [main][OverrideDubboConfigApplicationListener.java:68] - Dubbo Config was overridden by externalized configuration {dubbo.application.name=merchant-application, dubbo.application.qos-enable=false, dubbo.application.qos.qos-port=22310, dubbo.config.multiple=true, dubbo.consumer.check=false, dubbo.consumer.retries=-1, dubbo.consumer.timeout=3000, dubbo.protocol.name=dubbo, dubbo.protocol.port=20891, dubbo.registry.address=nacos://127.0.0.1:8848, dubbo.scan.base-packages=com.shanjupay}
[${project.name}][${env:SERVER_PORT}] 2023-08-23 17:01:34,545 WARN [background-preinit][CompositeLog.java:127] - For Jackson Kotlin classes support please add "com.fasterxml.jackson.module:jackson-module-kotlin" to the classpath
[${project.name}][${env:SERVER_PORT}] 2023-08-23 17:01:34,808 INFO [pool-2-thread-1][AwaitingNonWebApplicationListener.java:146] -  [Dubbo] Current Spring Boot Application is await...
[${project.name}][${env:SERVER_PORT}] 2023-08-23 17:01:36,341 INFO [main][OverrideDubboConfigApplicationListener.java:68] - Dubbo Config was overridden by externalized configuration {dubbo.application.name=merchant-application, dubbo.application.qos-enable=false, dubbo.application.qos.qos-port=22310, dubbo.config.multiple=true, dubbo.consumer.check=false, dubbo.consumer.retries=-1, dubbo.consumer.timeout=3000, dubbo.protocol.name=dubbo, dubbo.protocol.port=20891, dubbo.registry.address=nacos://127.0.0.1:8848, dubbo.scan.base-packages=com.shanjupay}
[${project.name}][${env:SERVER_PORT}] 2023-08-23 17:01:36,445 INFO [main][NacosPropertySourceBuilder.java:91] - Loading nacos data, dataId: 'spring-boot-http.yaml', group: 'COMMON_GROUP', data: # HTTP格式配置
spring:
  http:
    encoding:
      charset: UTF-8
      force: true
      enabled: true
#  messages:
#    encoding: UTF-8

# tomcat头信息(用户ip和访问协议)及访问路径配置
server:
  tomcat:
    remote_ip_header: x-forwarded-for
    protocol_header: x-forwarded-proto
  servlet:
    context-path: /
  use-forward-headers: true

# 服务监控与管理配置，运维相关
management:
  endpoints:
    web:
      exposure:
        include: refresh, health, info, env
[${project.name}][${env:SERVER_PORT}] 2023-08-23 17:01:36,453 WARN [main][NacosPropertySourceBuilder.java:86] - Ignore the empty nacos configuration and get it based on dataId[merchant-application] & group[SHANJUPAY_GROUP]
[${project.name}][${env:SERVER_PORT}] 2023-08-23 17:01:36,456 INFO [main][NacosPropertySourceBuilder.java:91] - Loading nacos data, dataId: 'merchant-application.yaml', group: 'SHANJUPAY_GROUP', data: server:
    port: 57010
    servlet:
        context-path: /merchant

swagger:
    enable: true
#yanzhengma
sms:
  url: http://localhost:56085/sailing
  effectiveTime: 360

oss:
  qiniu:
    url: http://rzm81uatu.hn-bkt.clouddn.com/
    accessKey: -E37WKbM3oIC9icSGjf-skIF2emTQU4uO0vZByND
    secretKey: NKtxZ4KD_AWb4s1n3ADoDjHzMrEO3JV2fp-jB0KZ
    bucket: shanjupay-xiwen               
[${project.name}][${env:SERVER_PORT}] 2023-08-23 17:01:36,458 INFO [main][PropertySourceBootstrapConfiguration.java:109] - Located property source: [BootstrapPropertySource {name='bootstrapProperties-merchant-application.yaml'}, BootstrapPropertySource {name='bootstrapProperties-merchant-application'}, BootstrapPropertySource {name='bootstrapProperties-spring-boot-http.yaml'}]
[${project.name}][${env:SERVER_PORT}] 2023-08-23 17:01:36,482 INFO [main][SpringApplication.java:651] - No active profile set, falling back to default profiles: default
[${project.name}][${env:SERVER_PORT}] 2023-08-23 17:01:37,355 INFO [main][DubboConfigBindingRegistrar.java:127] - The dubbo config bean definition [name : org.apache.dubbo.config.ApplicationConfig#0, class : org.apache.dubbo.config.ApplicationConfig] has been registered.
[${project.name}][${env:SERVER_PORT}] 2023-08-23 17:01:37,356 INFO [main][DubboConfigBindingRegistrar.java:151] - The BeanPostProcessor bean definition [org.apache.dubbo.config.spring.beans.factory.annotation.DubboConfigBindingBeanPostProcessor] for dubbo config bean [name : org.apache.dubbo.config.ApplicationConfig#0] has been registered.
[${project.name}][${env:SERVER_PORT}] 2023-08-23 17:01:37,356 INFO [main][DubboConfigBindingRegistrar.java:127] - The dubbo config bean definition [name : org.apache.dubbo.config.RegistryConfig#0, class : org.apache.dubbo.config.RegistryConfig] has been registered.
[${project.name}][${env:SERVER_PORT}] 2023-08-23 17:01:37,356 INFO [main][DubboConfigBindingRegistrar.java:151] - The BeanPostProcessor bean definition [org.apache.dubbo.config.spring.beans.factory.annotation.DubboConfigBindingBeanPostProcessor] for dubbo config bean [name : org.apache.dubbo.config.RegistryConfig#0] has been registered.
[${project.name}][${env:SERVER_PORT}] 2023-08-23 17:01:37,357 INFO [main][DubboConfigBindingRegistrar.java:127] - The dubbo config bean definition [name : org.apache.dubbo.config.ProtocolConfig#0, class : org.apache.dubbo.config.ProtocolConfig] has been registered.
[${project.name}][${env:SERVER_PORT}] 2023-08-23 17:01:37,357 INFO [main][DubboConfigBindingRegistrar.java:151] - The BeanPostProcessor bean definition [org.apache.dubbo.config.spring.beans.factory.annotation.DubboConfigBindingBeanPostProcessor] for dubbo config bean [name : org.apache.dubbo.config.ProtocolConfig#0] has been registered.
[${project.name}][${env:SERVER_PORT}] 2023-08-23 17:01:37,357 INFO [main][DubboConfigBindingRegistrar.java:127] - The dubbo config bean definition [name : org.apache.dubbo.config.ConsumerConfig#0, class : org.apache.dubbo.config.ConsumerConfig] has been registered.
[${project.name}][${env:SERVER_PORT}] 2023-08-23 17:01:37,357 INFO [main][DubboConfigBindingRegistrar.java:151] - The BeanPostProcessor bean definition [org.apache.dubbo.config.spring.beans.factory.annotation.DubboConfigBindingBeanPostProcessor] for dubbo config bean [name : org.apache.dubbo.config.ConsumerConfig#0] has been registered.
[${project.name}][${env:SERVER_PORT}] 2023-08-23 17:01:37,695 INFO [main][ServiceAnnotationBeanPostProcessor.java:204] -  [DUBBO] BeanNameGenerator bean can't be found in BeanFactory with name [org.springframework.context.annotation.internalConfigurationBeanNameGenerator], dubbo version: 2.7.3, current host: 192.168.253.1
[${project.name}][${env:SERVER_PORT}] 2023-08-23 17:01:37,695 INFO [main][ServiceAnnotationBeanPostProcessor.java:206] -  [DUBBO] BeanNameGenerator will be a instance of org.springframework.context.annotation.AnnotationBeanNameGenerator , it maybe a potential problem on bean name generation., dubbo version: 2.7.3, current host: 192.168.253.1
[${project.name}][${env:SERVER_PORT}] 2023-08-23 17:01:37,715 INFO [main][ServiceAnnotationBeanPostProcessor.java:284] -  [DUBBO] The BeanDefinition[Root bean: class [org.apache.dubbo.config.spring.ServiceBean]; scope=; abstract=false; lazyInit=null; autowireMode=0; dependencyCheck=0; autowireCandidate=true; primary=false; factoryBeanName=null; factoryMethodName=null; initMethodName=null; destroyMethodName=null] of ServiceBean has been registered with name : ServiceBean:com.shanjupay.merchant.api.AppService, dubbo version: 2.7.3, current host: 192.168.253.1
[${project.name}][${env:SERVER_PORT}] 2023-08-23 17:01:37,716 INFO [main][ServiceAnnotationBeanPostProcessor.java:284] -  [DUBBO] The BeanDefinition[Root bean: class [org.apache.dubbo.config.spring.ServiceBean]; scope=; abstract=false; lazyInit=null; autowireMode=0; dependencyCheck=0; autowireCandidate=true; primary=false; factoryBeanName=null; factoryMethodName=null; initMethodName=null; destroyMethodName=null] of ServiceBean has been registered with name : ServiceBean:com.shanjupay.merchant.api.MerchantService, dubbo version: 2.7.3, current host: 192.168.253.1
[${project.name}][${env:SERVER_PORT}] 2023-08-23 17:01:37,716 INFO [main][ServiceAnnotationBeanPostProcessor.java:161] -  [DUBBO] 2 annotated Dubbo's @Service Components { [Bean definition with name 'appServiceImpl': Generic bean: class [com.shanjupay.merchant.service.AppServiceImpl]; scope=; abstract=false; lazyInit=null; autowireMode=0; dependencyCheck=0; autowireCandidate=true; primary=false; factoryBeanName=null; factoryMethodName=null; initMethodName=null; destroyMethodName=null; defined in file [D:\code\GitHub\shanjupay\shanjupay-merchant\shanjupay-merchant-service\target\classes\com\shanjupay\merchant\service\AppServiceImpl.class], Bean definition with name 'merchantServiceImpl': Generic bean: class [com.shanjupay.merchant.service.MerchantServiceImpl]; scope=; abstract=false; lazyInit=null; autowireMode=0; dependencyCheck=0; autowireCandidate=true; primary=false; factoryBeanName=null; factoryMethodName=null; initMethodName=null; destroyMethodName=null; defined in file [D:\code\GitHub\shanjupay\shanjupay-merchant\shanjupay-merchant-service\target\classes\com\shanjupay\merchant\service\MerchantServiceImpl.class]] } were scanned under package[com.shanjupay], dubbo version: 2.7.3, current host: 192.168.253.1
[${project.name}][${env:SERVER_PORT}] 2023-08-23 17:01:37,719 INFO [main][ConfigurationClassPostProcessor.java:403] - Cannot enhance @Configuration bean definition 'org.apache.dubbo.spring.boot.autoconfigure.DubboRelaxedBinding2AutoConfiguration' since its singleton instance has been created too early. The typical cause is a non-static @Bean method with a BeanDefinitionRegistryPostProcessor return type: Consider declaring such methods as 'static'.
[${project.name}][${env:SERVER_PORT}] 2023-08-23 17:01:37,719 INFO [main][ConfigurationClassPostProcessor.java:403] - Cannot enhance @Configuration bean definition 'org.apache.dubbo.spring.boot.autoconfigure.DubboAutoConfiguration' since its singleton instance has been created too early. The typical cause is a non-static @Bean method with a BeanDefinitionRegistryPostProcessor return type: Consider declaring such methods as 'static'.
[${project.name}][${env:SERVER_PORT}] 2023-08-23 17:01:37,753 INFO [main][GenericScope.java:295] - BeanFactory id=cee51431-2373-3476-9c6f-790d402a9fdb
[${project.name}][${env:SERVER_PORT}] 2023-08-23 17:01:37,999 INFO [main][PostProcessorRegistrationDelegate.java:335] - Bean 'com.alibaba.cloud.dubbo.autoconfigure.DubboOpenFeignAutoConfiguration' of type [com.alibaba.cloud.dubbo.autoconfigure.DubboOpenFeignAutoConfiguration$$EnhancerBySpringCGLIB$$e1dd1578] is not eligible for getting processed by all BeanPostProcessors (for example: not eligible for auto-proxying)
[${project.name}][${env:SERVER_PORT}] 2023-08-23 17:01:38,021 INFO [main][PostProcessorRegistrationDelegate.java:335] - Bean 'dubbo.cloud-com.alibaba.cloud.dubbo.env.DubboCloudProperties' of type [com.alibaba.cloud.dubbo.env.DubboCloudProperties] is not eligible for getting processed by all BeanPostProcessors (for example: not eligible for auto-proxying)
[${project.name}][${env:SERVER_PORT}] 2023-08-23 17:01:38,037 INFO [main][PostProcessorRegistrationDelegate.java:335] - Bean 'metadataJsonResolver' of type [com.alibaba.cloud.dubbo.metadata.resolver.DubboServiceBeanMetadataResolver] is not eligible for getting processed by all BeanPostProcessors (for example: not eligible for auto-proxying)
[${project.name}][${env:SERVER_PORT}] 2023-08-23 17:01:38,049 INFO [main][PostProcessorRegistrationDelegate.java:335] - Bean 'org.apache.dubbo.config.ApplicationConfig#0' of type [org.apache.dubbo.config.ApplicationConfig] is not eligible for getting processed by all BeanPostProcessors (for example: not eligible for auto-proxying)
[${project.name}][${env:SERVER_PORT}] 2023-08-23 17:01:38,057 INFO [main][PostProcessorRegistrationDelegate.java:335] - Bean 'dubboProtocolConfigSupplier' of type [com.alibaba.cloud.dubbo.metadata.DubboProtocolConfigSupplier] is not eligible for getting processed by all BeanPostProcessors (for example: not eligible for auto-proxying)
[${project.name}][${env:SERVER_PORT}] 2023-08-23 17:01:38,060 INFO [main][PostProcessorRegistrationDelegate.java:335] - Bean 'com.alibaba.cloud.dubbo.service.DubboMetadataServiceExporter' of type [com.alibaba.cloud.dubbo.service.DubboMetadataServiceExporter] is not eligible for getting processed by all BeanPostProcessors (for example: not eligible for auto-proxying)
[${project.name}][${env:SERVER_PORT}] 2023-08-23 17:01:38,061 INFO [main][PostProcessorRegistrationDelegate.java:335] - Bean 'com.alibaba.cloud.dubbo.autoconfigure.DubboMetadataAutoConfiguration' of type [com.alibaba.cloud.dubbo.autoconfigure.DubboMetadataAutoConfiguration$$EnhancerBySpringCGLIB$$541cb1f2] is not eligible for getting processed by all BeanPostProcessors (for example: not eligible for auto-proxying)
[${project.name}][${env:SERVER_PORT}] 2023-08-23 17:01:38,068 INFO [main][PostProcessorRegistrationDelegate.java:335] - Bean 'com.alibaba.cloud.dubbo.autoconfigure.DubboServiceAutoConfiguration' of type [com.alibaba.cloud.dubbo.autoconfigure.DubboServiceAutoConfiguration$$EnhancerBySpringCGLIB$$e6c6ba4a] is not eligible for getting processed by all BeanPostProcessors (for example: not eligible for auto-proxying)
[${project.name}][${env:SERVER_PORT}] 2023-08-23 17:01:38,073 INFO [main][PostProcessorRegistrationDelegate.java:335] - Bean 'dubboGenericServiceFactory' of type [com.alibaba.cloud.dubbo.service.DubboGenericServiceFactory] is not eligible for getting processed by all BeanPostProcessors (for example: not eligible for auto-proxying)
[${project.name}][${env:SERVER_PORT}] 2023-08-23 17:01:38,077 INFO [main][PostProcessorRegistrationDelegate.java:335] - Bean 'dubboMetadataConfigServiceProxy' of type [com.alibaba.cloud.dubbo.service.DubboMetadataServiceProxy] is not eligible for getting processed by all BeanPostProcessors (for example: not eligible for auto-proxying)
[${project.name}][${env:SERVER_PORT}] 2023-08-23 17:01:38,081 INFO [main][PostProcessorRegistrationDelegate.java:335] - Bean 'org.springframework.cloud.client.discovery.composite.CompositeDiscoveryClientAutoConfiguration' of type [org.springframework.cloud.client.discovery.composite.CompositeDiscoveryClientAutoConfiguration] is not eligible for getting processed by all BeanPostProcessors (for example: not eligible for auto-proxying)
[${project.name}][${env:SERVER_PORT}] 2023-08-23 17:01:38,087 INFO [main][PostProcessorRegistrationDelegate.java:335] - Bean 'com.alibaba.cloud.nacos.discovery.NacosDiscoveryClientAutoConfiguration' of type [com.alibaba.cloud.nacos.discovery.NacosDiscoveryClientAutoConfiguration$$EnhancerBySpringCGLIB$$9ad6fcc9] is not eligible for getting processed by all BeanPostProcessors (for example: not eligible for auto-proxying)
[${project.name}][${env:SERVER_PORT}] 2023-08-23 17:01:38,097 INFO [main][PostProcessorRegistrationDelegate.java:335] - Bean 'org.springframework.cloud.commons.util.UtilAutoConfiguration' of type [org.springframework.cloud.commons.util.UtilAutoConfiguration] is not eligible for getting processed by all BeanPostProcessors (for example: not eligible for auto-proxying)
[${project.name}][${env:SERVER_PORT}] 2023-08-23 17:01:38,102 INFO [main][PostProcessorRegistrationDelegate.java:335] - Bean 'inetUtilsProperties' of type [org.springframework.cloud.commons.util.InetUtilsProperties] is not eligible for getting processed by all BeanPostProcessors (for example: not eligible for auto-proxying)
[${project.name}][${env:SERVER_PORT}] 2023-08-23 17:01:38,104 INFO [main][PostProcessorRegistrationDelegate.java:335] - Bean 'inetUtils' of type [org.springframework.cloud.commons.util.InetUtils] is not eligible for getting processed by all BeanPostProcessors (for example: not eligible for auto-proxying)
[${project.name}][${env:SERVER_PORT}] 2023-08-23 17:01:39,704 INFO [main][InetUtils.java:170] - Cannot determine local hostname
[${project.name}][${env:SERVER_PORT}] 2023-08-23 17:01:39,705 INFO [main][PostProcessorRegistrationDelegate.java:335] - Bean 'nacosProperties' of type [com.alibaba.cloud.nacos.NacosDiscoveryProperties] is not eligible for getting processed by all BeanPostProcessors (for example: not eligible for auto-proxying)
[${project.name}][${env:SERVER_PORT}] 2023-08-23 17:01:39,709 INFO [main][PostProcessorRegistrationDelegate.java:335] - Bean 'nacosDiscoveryClient' of type [com.alibaba.cloud.nacos.discovery.NacosDiscoveryClient] is not eligible for getting processed by all BeanPostProcessors (for example: not eligible for auto-proxying)
[${project.name}][${env:SERVER_PORT}] 2023-08-23 17:01:39,734 INFO [main][PostProcessorRegistrationDelegate.java:335] - Bean 'server-org.springframework.boot.autoconfigure.web.ServerProperties' of type [org.springframework.boot.autoconfigure.web.ServerProperties] is not eligible for getting processed by all BeanPostProcessors (for example: not eligible for auto-proxying)
[${project.name}][${env:SERVER_PORT}] 2023-08-23 17:01:39,736 INFO [main][PostProcessorRegistrationDelegate.java:335] - Bean 'org.springframework.cloud.client.discovery.simple.SimpleDiscoveryClientAutoConfiguration' of type [org.springframework.cloud.client.discovery.simple.SimpleDiscoveryClientAutoConfiguration] is not eligible for getting processed by all BeanPostProcessors (for example: not eligible for auto-proxying)
[${project.name}][${env:SERVER_PORT}] 2023-08-23 17:01:41,261 INFO [main][InetUtils.java:170] - Cannot determine local hostname
[${project.name}][${env:SERVER_PORT}] 2023-08-23 17:01:41,266 INFO [main][PostProcessorRegistrationDelegate.java:335] - Bean 'simpleDiscoveryClient' of type [org.springframework.cloud.client.discovery.simple.SimpleDiscoveryClient] is not eligible for getting processed by all BeanPostProcessors (for example: not eligible for auto-proxying)
[${project.name}][${env:SERVER_PORT}] 2023-08-23 17:01:41,273 INFO [main][PostProcessorRegistrationDelegate.java:335] - Bean 'compositeDiscoveryClient' of type [org.springframework.cloud.client.discovery.composite.CompositeDiscoveryClient] is not eligible for getting processed by all BeanPostProcessors (for example: not eligible for auto-proxying)
[${project.name}][${env:SERVER_PORT}] 2023-08-23 17:01:41,278 INFO [main][PostProcessorRegistrationDelegate.java:335] - Bean 'metadataServiceInstanceSelector' of type [com.alibaba.cloud.dubbo.autoconfigure.DubboMetadataAutoConfiguration$$Lambda$332/2030458069] is not eligible for getting processed by all BeanPostProcessors (for example: not eligible for auto-proxying)
[${project.name}][${env:SERVER_PORT}] 2023-08-23 17:01:41,285 INFO [main][PostProcessorRegistrationDelegate.java:335] - Bean 'com.alibaba.cloud.dubbo.util.JSONUtils' of type [com.alibaba.cloud.dubbo.util.JSONUtils] is not eligible for getting processed by all BeanPostProcessors (for example: not eligible for auto-proxying)
[${project.name}][${env:SERVER_PORT}] 2023-08-23 17:01:41,449 WARN [main][DubboServiceMetadataRepository.java:221] - Current application will subscribe all services(size:0) in registry, a lot of memory and CPU cycles may be used, thus it's strongly recommend you using the externalized property 'dubbo.cloud.subscribed-services' to specify the services
[${project.name}][${env:SERVER_PORT}] 2023-08-23 17:01:41,450 INFO [main][PostProcessorRegistrationDelegate.java:335] - Bean 'com.alibaba.cloud.dubbo.metadata.repository.DubboServiceMetadataRepository' of type [com.alibaba.cloud.dubbo.metadata.repository.DubboServiceMetadataRepository] is not eligible for getting processed by all BeanPostProcessors (for example: not eligible for auto-proxying)
[${project.name}][${env:SERVER_PORT}] 2023-08-23 17:01:41,534 INFO [main][PostProcessorRegistrationDelegate.java:335] - Bean 'com.alibaba.cloud.dubbo.service.parameter.RequestParamServiceParameterResolver' of type [com.alibaba.cloud.dubbo.service.parameter.RequestParamServiceParameterResolver] is not eligible for getting processed by all BeanPostProcessors (for example: not eligible for auto-proxying)
[${project.name}][${env:SERVER_PORT}] 2023-08-23 17:01:41,560 INFO [main][PostProcessorRegistrationDelegate.java:335] - Bean 'org.springframework.boot.autoconfigure.http.HttpMessageConvertersAutoConfiguration' of type [org.springframework.boot.autoconfigure.http.HttpMessageConvertersAutoConfiguration] is not eligible for getting processed by all BeanPostProcessors (for example: not eligible for auto-proxying)
[${project.name}][${env:SERVER_PORT}] 2023-08-23 17:01:41,577 INFO [main][PostProcessorRegistrationDelegate.java:335] - Bean 'org.springframework.boot.autoconfigure.http.HttpMessageConvertersAutoConfiguration$StringHttpMessageConverterConfiguration' of type [org.springframework.boot.autoconfigure.http.HttpMessageConvertersAutoConfiguration$StringHttpMessageConverterConfiguration] is not eligible for getting processed by all BeanPostProcessors (for example: not eligible for auto-proxying)
[${project.name}][${env:SERVER_PORT}] 2023-08-23 17:01:41,618 INFO [main][PostProcessorRegistrationDelegate.java:335] - Bean 'stringHttpMessageConverter' of type [org.springframework.http.converter.StringHttpMessageConverter] is not eligible for getting processed by all BeanPostProcessors (for example: not eligible for auto-proxying)
[${project.name}][${env:SERVER_PORT}] 2023-08-23 17:01:41,623 INFO [main][PostProcessorRegistrationDelegate.java:335] - Bean 'org.springframework.boot.autoconfigure.http.JacksonHttpMessageConvertersConfiguration$MappingJackson2HttpMessageConverterConfiguration' of type [org.springframework.boot.autoconfigure.http.JacksonHttpMessageConvertersConfiguration$MappingJackson2HttpMessageConverterConfiguration] is not eligible for getting processed by all BeanPostProcessors (for example: not eligible for auto-proxying)
[${project.name}][${env:SERVER_PORT}] 2023-08-23 17:01:41,627 INFO [main][PostProcessorRegistrationDelegate.java:335] - Bean 'org.springframework.boot.autoconfigure.jackson.JacksonAutoConfiguration$JacksonObjectMapperConfiguration' of type [org.springframework.boot.autoconfigure.jackson.JacksonAutoConfiguration$JacksonObjectMapperConfiguration] is not eligible for getting processed by all BeanPostProcessors (for example: not eligible for auto-proxying)
[${project.name}][${env:SERVER_PORT}] 2023-08-23 17:01:41,632 INFO [main][PostProcessorRegistrationDelegate.java:335] - Bean 'org.springframework.boot.autoconfigure.jackson.JacksonAutoConfiguration$JacksonObjectMapperBuilderConfiguration' of type [org.springframework.boot.autoconfigure.jackson.JacksonAutoConfiguration$JacksonObjectMapperBuilderConfiguration] is not eligible for getting processed by all BeanPostProcessors (for example: not eligible for auto-proxying)
[${project.name}][${env:SERVER_PORT}] 2023-08-23 17:01:41,637 INFO [main][PostProcessorRegistrationDelegate.java:335] - Bean 'org.springframework.boot.autoconfigure.jackson.JacksonAutoConfiguration$Jackson2ObjectMapperBuilderCustomizerConfiguration' of type [org.springframework.boot.autoconfigure.jackson.JacksonAutoConfiguration$Jackson2ObjectMapperBuilderCustomizerConfiguration] is not eligible for getting processed by all BeanPostProcessors (for example: not eligible for auto-proxying)
[${project.name}][${env:SERVER_PORT}] 2023-08-23 17:01:41,653 INFO [main][PostProcessorRegistrationDelegate.java:335] - Bean 'spring.jackson-org.springframework.boot.autoconfigure.jackson.JacksonProperties' of type [org.springframework.boot.autoconfigure.jackson.JacksonProperties] is not eligible for getting processed by all BeanPostProcessors (for example: not eligible for auto-proxying)
[${project.name}][${env:SERVER_PORT}] 2023-08-23 17:01:41,664 INFO [main][PostProcessorRegistrationDelegate.java:335] - Bean 'standardJacksonObjectMapperBuilderCustomizer' of type [org.springframework.boot.autoconfigure.jackson.JacksonAutoConfiguration$Jackson2ObjectMapperBuilderCustomizerConfiguration$StandardJackson2ObjectMapperBuilderCustomizer] is not eligible for getting processed by all BeanPostProcessors (for example: not eligible for auto-proxying)
[${project.name}][${env:SERVER_PORT}] 2023-08-23 17:01:41,676 INFO [main][PostProcessorRegistrationDelegate.java:335] - Bean 'org.springframework.boot.autoconfigure.jackson.JacksonAutoConfiguration$ParameterNamesModuleConfiguration' of type [org.springframework.boot.autoconfigure.jackson.JacksonAutoConfiguration$ParameterNamesModuleConfiguration] is not eligible for getting processed by all BeanPostProcessors (for example: not eligible for auto-proxying)
[${project.name}][${env:SERVER_PORT}] 2023-08-23 17:01:41,706 INFO [main][PostProcessorRegistrationDelegate.java:335] - Bean 'parameterNamesModule' of type [com.fasterxml.jackson.module.paramnames.ParameterNamesModule] is not eligible for getting processed by all BeanPostProcessors (for example: not eligible for auto-proxying)
[${project.name}][${env:SERVER_PORT}] 2023-08-23 17:01:41,712 INFO [main][PostProcessorRegistrationDelegate.java:335] - Bean 'org.springframework.boot.autoconfigure.jackson.JacksonAutoConfiguration' of type [org.springframework.boot.autoconfigure.jackson.JacksonAutoConfiguration] is not eligible for getting processed by all BeanPostProcessors (for example: not eligible for auto-proxying)
[${project.name}][${env:SERVER_PORT}] 2023-08-23 17:01:41,736 INFO [main][PostProcessorRegistrationDelegate.java:335] - Bean 'jsonComponentModule' of type [org.springframework.boot.jackson.JsonComponentModule] is not eligible for getting processed by all BeanPostProcessors (for example: not eligible for auto-proxying)
[${project.name}][${env:SERVER_PORT}] 2023-08-23 17:01:41,747 INFO [main][PostProcessorRegistrationDelegate.java:335] - Bean 'jacksonObjectMapperBuilder' of type [org.springframework.http.converter.json.Jackson2ObjectMapperBuilder] is not eligible for getting processed by all BeanPostProcessors (for example: not eligible for auto-proxying)
[${project.name}][${env:SERVER_PORT}] 2023-08-23 17:01:41,824 INFO [main][PostProcessorRegistrationDelegate.java:335] - Bean 'jacksonObjectMapper' of type [com.fasterxml.jackson.databind.ObjectMapper] is not eligible for getting processed by all BeanPostProcessors (for example: not eligible for auto-proxying)
[${project.name}][${env:SERVER_PORT}] 2023-08-23 17:01:41,850 INFO [main][PostProcessorRegistrationDelegate.java:335] - Bean 'mappingJackson2HttpMessageConverter' of type [org.springframework.http.converter.json.MappingJackson2HttpMessageConverter] is not eligible for getting processed by all BeanPostProcessors (for example: not eligible for auto-proxying)
[${project.name}][${env:SERVER_PORT}] 2023-08-23 17:01:41,885 INFO [main][PostProcessorRegistrationDelegate.java:335] - Bean 'messageConverters' of type [org.springframework.boot.autoconfigure.http.HttpMessageConverters] is not eligible for getting processed by all BeanPostProcessors (for example: not eligible for auto-proxying)
[${project.name}][${env:SERVER_PORT}] 2023-08-23 17:01:41,891 INFO [main][PostProcessorRegistrationDelegate.java:335] - Bean 'com.alibaba.cloud.dubbo.service.parameter.RequestBodyServiceParameterResolver' of type [com.alibaba.cloud.dubbo.service.parameter.RequestBodyServiceParameterResolver] is not eligible for getting processed by all BeanPostProcessors (for example: not eligible for auto-proxying)
[${project.name}][${env:SERVER_PORT}] 2023-08-23 17:01:41,948 INFO [main][PostProcessorRegistrationDelegate.java:335] - Bean 'com.alibaba.cloud.dubbo.service.parameter.RequestHeaderServiceParameterResolver' of type [com.alibaba.cloud.dubbo.service.parameter.RequestHeaderServiceParameterResolver] is not eligible for getting processed by all BeanPostProcessors (for example: not eligible for auto-proxying)
[${project.name}][${env:SERVER_PORT}] 2023-08-23 17:01:41,970 INFO [main][PostProcessorRegistrationDelegate.java:335] - Bean 'com.alibaba.cloud.dubbo.service.parameter.PathVariableServiceParameterResolver' of type [com.alibaba.cloud.dubbo.service.parameter.PathVariableServiceParameterResolver] is not eligible for getting processed by all BeanPostProcessors (for example: not eligible for auto-proxying)
[${project.name}][${env:SERVER_PORT}] 2023-08-23 17:01:41,973 INFO [main][PostProcessorRegistrationDelegate.java:335] - Bean 'com.alibaba.cloud.dubbo.service.DubboGenericServiceExecutionContextFactory' of type [com.alibaba.cloud.dubbo.service.DubboGenericServiceExecutionContextFactory] is not eligible for getting processed by all BeanPostProcessors (for example: not eligible for auto-proxying)
[${project.name}][${env:SERVER_PORT}] 2023-08-23 17:01:42,022 INFO [main][PostProcessorRegistrationDelegate.java:335] - Bean 'relaxedDubboConfigBinder' of type [org.apache.dubbo.spring.boot.autoconfigure.BinderDubboConfigBinder] is not eligible for getting processed by all BeanPostProcessors (for example: not eligible for auto-proxying)
[${project.name}][${env:SERVER_PORT}] 2023-08-23 17:01:42,037 INFO [main][PostProcessorRegistrationDelegate.java:335] - Bean 'relaxedDubboConfigBinder' of type [org.apache.dubbo.spring.boot.autoconfigure.BinderDubboConfigBinder] is not eligible for getting processed by all BeanPostProcessors (for example: not eligible for auto-proxying)
[${project.name}][${env:SERVER_PORT}] 2023-08-23 17:01:42,040 INFO [main][PostProcessorRegistrationDelegate.java:335] - Bean 'relaxedDubboConfigBinder' of type [org.apache.dubbo.spring.boot.autoconfigure.BinderDubboConfigBinder] is not eligible for getting processed by all BeanPostProcessors (for example: not eligible for auto-proxying)
[${project.name}][${env:SERVER_PORT}] 2023-08-23 17:01:42,043 INFO [main][PostProcessorRegistrationDelegate.java:335] - Bean 'relaxedDubboConfigBinder' of type [org.apache.dubbo.spring.boot.autoconfigure.BinderDubboConfigBinder] is not eligible for getting processed by all BeanPostProcessors (for example: not eligible for auto-proxying)
[${project.name}][${env:SERVER_PORT}] 2023-08-23 17:01:42,583 INFO [main][TomcatWebServer.java:108] - Tomcat initialized with port(s): 57010 (http)
[${project.name}][${env:SERVER_PORT}] 2023-08-23 17:01:42,604 INFO [main][DirectJDKLog.java:173] - Initializing ProtocolHandler ["http-nio-57010"]
[${project.name}][${env:SERVER_PORT}] 2023-08-23 17:01:42,605 INFO [main][DirectJDKLog.java:173] - Starting service [Tomcat]
[${project.name}][${env:SERVER_PORT}] 2023-08-23 17:01:42,606 INFO [main][DirectJDKLog.java:173] - Starting Servlet engine: [Apache Tomcat/9.0.41]
[${project.name}][${env:SERVER_PORT}] 2023-08-23 17:01:42,843 INFO [main][DirectJDKLog.java:173] - Initializing Spring embedded WebApplicationContext
[${project.name}][${env:SERVER_PORT}] 2023-08-23 17:01:42,843 INFO [main][ServletWebServerApplicationContext.java:285] - Root WebApplicationContext: initialization completed in 6348 ms
[${project.name}][${env:SERVER_PORT}] 2023-08-23 17:01:43,162 WARN [main][EndpointId.java:155] - Endpoint ID 'nacos-config' contains invalid characters, please migrate to a valid format.
[${project.name}][${env:SERVER_PORT}] 2023-08-23 17:01:43,164 WARN [main][EndpointId.java:155] - Endpoint ID 'nacos-discovery' contains invalid characters, please migrate to a valid format.
[${project.name}][${env:SERVER_PORT}] 2023-08-23 17:01:43,165 WARN [main][EndpointId.java:155] - Endpoint ID 'service-registry' contains invalid characters, please migrate to a valid format.
[${project.name}][${env:SERVER_PORT}] 2023-08-23 17:01:43,542 INFO [main][DubboConfigBindingBeanPostProcessor.java:109] - The properties of bean [name : org.apache.dubbo.config.ConsumerConfig#0] have been binding by prefix of configuration properties : dubbo.consumer
[${project.name}][${env:SERVER_PORT}] 2023-08-23 17:01:43,559 INFO [main][DubboConfigBindingBeanPostProcessor.java:109] - The properties of bean [name : org.apache.dubbo.config.RegistryConfig#0] have been binding by prefix of configuration properties : dubbo.registry
[${project.name}][${env:SERVER_PORT}] 2023-08-23 17:01:43,563 INFO [main][AnnotatedInterfaceConfigBeanBuilder.java:84] - The configBean[type:ReferenceBean] has been built.
[${project.name}][${env:SERVER_PORT}] 2023-08-23 17:01:43,572 INFO [main][AnnotatedInterfaceConfigBeanBuilder.java:84] - The configBean[type:ReferenceBean] has been built.
[${project.name}][${env:SERVER_PORT}] 2023-08-23 17:01:43,586 WARN [main][AbstractInterfaceConfig.java:265] -  [DUBBO] There's no valid metadata config found, if you are using the simplified mode of registry url, please make sure you have a metadata address configured properly., dubbo version: 2.7.3, current host: 192.168.253.1
[${project.name}][${env:SERVER_PORT}] 2023-08-23 17:01:43,611 INFO [main][AbstractInterfaceConfig.java:237] -  [DUBBO] There's no valid monitor config found, if you want to open monitor statistics for Dubbo, please make sure your monitor is configured properly., dubbo version: 2.7.3, current host: 192.168.253.1
[${project.name}][${env:SERVER_PORT}] 2023-08-23 17:01:43,613 INFO [main][AbstractInterfaceConfig.java:237] -  [DUBBO] There's no valid monitor config found, if you want to open monitor statistics for Dubbo, please make sure your monitor is configured properly., dubbo version: 2.7.3, current host: 192.168.253.1
[${project.name}][${env:SERVER_PORT}] 2023-08-23 17:01:43,632 INFO [main][QosProtocolWrapper.java:89] -  [DUBBO] qos won't be started because it is disabled. Please check dubbo.application.qos.enable is configured either in system property, dubbo.properties or XML/spring-boot configuration., dubbo version: 2.7.3, current host: 192.168.253.1
[${project.name}][${env:SERVER_PORT}] 2023-08-23 17:01:43,633 WARN [main][SpringExtensionFactory.java:86] -  [DUBBO] No spring extension (bean) named:applicationContext, try to find an extension (bean) of type org.springframework.context.ConfigurableApplicationContext, dubbo version: 2.7.3, current host: 192.168.253.1
[${project.name}][${env:SERVER_PORT}] 2023-08-23 17:01:43,634 WARN [main][SpringExtensionFactory.java:104] -  [DUBBO] No spring extension (bean) named:applicationContext, type:org.springframework.context.ConfigurableApplicationContext found, stop get bean., dubbo version: 2.7.3, current host: 192.168.253.1
[${project.name}][${env:SERVER_PORT}] 2023-08-23 17:01:43,655 INFO [main][AbstractRegistry.java:280] -  [DUBBO] Register: consumer://192.168.253.1/com.shanjupay.transaction.api.PayChannelService?application=merchant-application&category=consumers&check=false&dubbo=2.0.2&interface=com.shanjupay.transaction.api.PayChannelService&lazy=false&methods=queryPlatformChannel,bindPlatformChannelForApp,queryAppBindPlatformChannel,queryPayChannelByPlatformChannel,savePayChannelParam&pid=41668&qos.enable=false&release=2.7.3&retries=-1&side=consumer&sticky=false&timeout=3000&timestamp=1692781303586, dubbo version: 2.7.3, current host: 192.168.253.1
[${project.name}][${env:SERVER_PORT}] 2023-08-23 17:01:43,661 INFO [main][AbstractRegistry.java:305] -  [DUBBO] Subscribe: consumer://192.168.253.1/com.shanjupay.transaction.api.PayChannelService?application=merchant-application&category=providers,configurators,routers&check=false&dubbo=2.0.2&interface=com.shanjupay.transaction.api.PayChannelService&lazy=false&methods=queryPlatformChannel,bindPlatformChannelForApp,queryAppBindPlatformChannel,queryPayChannelByPlatformChannel,savePayChannelParam&pid=41668&qos.enable=false&release=2.7.3&retries=-1&side=consumer&sticky=false&timeout=3000&timestamp=1692781303586, dubbo version: 2.7.3, current host: 192.168.253.1
[${project.name}][${env:SERVER_PORT}] 2023-08-23 17:01:43,674 INFO [main][AbstractRegistry.java:212] -  [DUBBO] Load registry cache file C:\Users\xi\.dubbo\dubbo-registry-merchant-application-127.0.0.1:8848.cache, data: {com.shanjupay.transaction.api.PayChannelService=dubbo://192.168.253.1:20893/com.shanjupay.transaction.api.PayChannelService?anyhost=true&application=transaction-service&bean.name=ServiceBean:com.shanjupay.transaction.api.PayChannelService&category=providers&deprecated=false&dubbo=2.0.2&dynamic=true&generic=false&interface=com.shanjupay.transaction.api.PayChannelService&methods=queryPlatformChannel,bindPlatformChannelForApp,queryAppBindPlatformChannel,queryPayChannelByPlatformChannel,savePayChannelParam&path=com.shanjupay.transaction.api.PayChannelService&pid=23344&protocol=dubbo&register=true&release=2.7.3&side=provider&timestamp=1692778989453, transaction-service/com.alibaba.cloud.dubbo.service.DubboMetadataService:1.0.0=dubbo://192.168.253.1:20893/com.alibaba.cloud.dubbo.service.DubboMetadataService?anyhost=true&application=transaction-service&category=providers&deprecated=false&dubbo=2.0.2&dynamic=true&generic=false&group=transaction-service&interface=com.alibaba.cloud.dubbo.service.DubboMetadataService&methods=getAllServiceKeys,getServiceRestMetadata,getExportedURLs,getAllExportedURLs&path=com.alibaba.cloud.dubbo.service.DubboMetadataService&pid=23344&protocol=dubbo&register=true&release=2.7.3&revision=2.1.1.RELEASE&side=provider&timestamp=1692778989161&version=1.0.0, com.shanjupay.merchant.api.MerchantService=dubbo://192.168.253.1:20890/com.shanjupay.merchant.api.MerchantService?anyhost=true&application=merchant-service&bean.name=ServiceBean:com.shanjupay.merchant.api.MerchantService&category=providers&deprecated=false&dubbo=2.0.2&dynamic=true&generic=false&interface=com.shanjupay.merchant.api.MerchantService&methods=applyMerchant,createMerchant,querymerchantbyid&path=com.shanjupay.merchant.api.MerchantService&pid=37812&protocol=dubbo&register=true&release=2.7.3&side=provider&timestamp=1692778985110, com.shanjupay.merchant.api.AppService=dubbo://192.168.253.1:20890/com.shanjupay.merchant.api.AppService?anyhost=true&application=merchant-service&bean.name=ServiceBean:com.shanjupay.merchant.api.AppService&category=providers&deprecated=false&dubbo=2.0.2&dynamic=true&generic=false&interface=com.shanjupay.merchant.api.AppService&methods=queryAppByMerchant,createApp,getAppById&path=com.shanjupay.merchant.api.AppService&pid=37812&protocol=dubbo&register=true&release=2.7.3&side=provider&timestamp=1692778983494, merchant-service/com.alibaba.cloud.dubbo.service.DubboMetadataService:1.0.0=dubbo://192.168.253.1:20890/com.alibaba.cloud.dubbo.service.DubboMetadataService?anyhost=true&application=merchant-service&category=providers&deprecated=false&dubbo=2.0.2&dynamic=true&generic=false&group=merchant-service&interface=com.alibaba.cloud.dubbo.service.DubboMetadataService&methods=getAllServiceKeys,getServiceRestMetadata,getExportedURLs,getAllExportedURLs&path=com.alibaba.cloud.dubbo.service.DubboMetadataService&pid=37812&protocol=dubbo&register=true&release=2.7.3&revision=2.1.1.RELEASE&side=provider&timestamp=1692778983302&version=1.0.0}, dubbo version: 2.7.3, current host: 192.168.253.1
[${project.name}][${env:SERVER_PORT}] 2023-08-23 17:01:43,675 INFO [main][AbstractRegistry.java:280] -  [DUBBO] Register: consumer://192.168.253.1/com.shanjupay.transaction.api.PayChannelService?application=merchant-application&category=consumers&check=false&dubbo=2.0.2&interface=com.shanjupay.transaction.api.PayChannelService&lazy=false&methods=queryPlatformChannel,bindPlatformChannelForApp,queryAppBindPlatformChannel,queryPayChannelByPlatformChannel,savePayChannelParam&pid=41668&qos.enable=false&release=2.7.3&retries=-1&side=consumer&sticky=false&timeout=3000&timestamp=1692781303586, dubbo version: 2.7.3, current host: 192.168.253.1
[${project.name}][${env:SERVER_PORT}] 2023-08-23 17:01:43,684 INFO [main][AbstractRegistry.java:305] -  [DUBBO] Subscribe: consumer://192.168.253.1/com.shanjupay.transaction.api.PayChannelService?application=merchant-application&category=providers,configurators,routers&check=false&dubbo=2.0.2&interface=com.shanjupay.transaction.api.PayChannelService&lazy=false&methods=queryPlatformChannel,bindPlatformChannelForApp,queryAppBindPlatformChannel,queryPayChannelByPlatformChannel,savePayChannelParam&pid=41668&qos.enable=false&release=2.7.3&retries=-1&side=consumer&sticky=false&timeout=3000&timestamp=1692781303586, dubbo version: 2.7.3, current host: 192.168.253.1
[${project.name}][${env:SERVER_PORT}] 2023-08-23 17:01:43,703 WARN [main][AbstractRegistry.java:395] -  [DUBBO] Ignore empty notify urls for subscribe url consumer://192.168.253.1/com.shanjupay.transaction.api.PayChannelService?application=merchant-application&category=providers,configurators,routers&check=false&dubbo=2.0.2&interface=com.shanjupay.transaction.api.PayChannelService&lazy=false&methods=queryPlatformChannel,bindPlatformChannelForApp,queryAppBindPlatformChannel,queryPayChannelByPlatformChannel,savePayChannelParam&pid=41668&qos.enable=false&release=2.7.3&retries=-1&side=consumer&sticky=false&timeout=3000&timestamp=1692781303586, dubbo version: 2.7.3, current host: 192.168.253.1
[${project.name}][${env:SERVER_PORT}] 2023-08-23 17:01:43,705 WARN [com.alibaba.nacos.naming.client.listener][AbstractRegistry.java:395] -  [DUBBO] Ignore empty notify urls for subscribe url consumer://192.168.253.1/com.shanjupay.transaction.api.PayChannelService?application=merchant-application&category=providers,configurators,routers&check=false&dubbo=2.0.2&interface=com.shanjupay.transaction.api.PayChannelService&lazy=false&methods=queryPlatformChannel,bindPlatformChannelForApp,queryAppBindPlatformChannel,queryPayChannelByPlatformChannel,savePayChannelParam&pid=41668&qos.enable=false&release=2.7.3&retries=-1&side=consumer&sticky=false&timeout=3000&timestamp=1692781303586, dubbo version: 2.7.3, current host: 192.168.253.1
[${project.name}][${env:SERVER_PORT}] 2023-08-23 17:01:43,706 INFO [main][ReferenceConfig.java:421] -  [DUBBO] Refer dubbo service com.shanjupay.transaction.api.PayChannelService from url registry://127.0.0.1:8848/org.apache.dubbo.registry.RegistryService?application=merchant-application&check=false&cluster=registryaware&dubbo=2.0.2&interface=com.shanjupay.transaction.api.PayChannelService&lazy=false&methods=queryPlatformChannel,bindPlatformChannelForApp,queryAppBindPlatformChannel,queryPayChannelByPlatformChannel,savePayChannelParam&pid=41668&qos.enable=false&refer=application%3Dmerchant-application%26check%3Dfalse%26dubbo%3D2.0.2%26interface%3Dcom.shanjupay.transaction.api.PayChannelService%26lazy%3Dfalse%26methods%3DqueryPlatformChannel%2CbindPlatformChannelForApp%2CqueryAppBindPlatformChannel%2CqueryPayChannelByPlatformChannel%2CsavePayChannelParam%26pid%3D41668%26qos.enable%3Dfalse%26register.ip%3D192.168.253.1%26release%3D2.7.3%26retries%3D-1%26side%3Dconsumer%26sticky%3Dfalse%26timeout%3D3000%26timestamp%3D1692781303586&register.ip=192.168.253.1&registry=nacos&release=2.7.3&retries=-1&side=consumer&sticky=false&timeout=3000&timestamp=1692781303586, dubbo version: 2.7.3, current host: 192.168.253.1
[${project.name}][${env:SERVER_PORT}] 2023-08-23 17:01:43,727 INFO [main][AnnotatedInterfaceConfigBeanBuilder.java:84] - The configBean[type:ReferenceBean] has been built.
[${project.name}][${env:SERVER_PORT}] 2023-08-23 17:01:43,917 INFO [main][DruidDataSourceAutoConfigure.java:56] - Init DruidDataSource
[${project.name}][${env:SERVER_PORT}] 2023-08-23 17:01:43,976 WARN [main][AbstractApplicationContext.java:559] - Exception encountered during context initialization - cancelling refresh attempt: org.springframework.beans.factory.UnsatisfiedDependencyException: Error creating bean with name 'merchantController': Unsatisfied dependency expressed through field 'appService'; nested exception is org.springframework.beans.factory.UnsatisfiedDependencyException: Error creating bean with name 'appServiceImpl': Unsatisfied dependency expressed through field 'merchantMapper'; nested exception is org.springframework.beans.factory.UnsatisfiedDependencyException: Error creating bean with name 'merchantMapper' defined in file [D:\code\GitHub\shanjupay\shanjupay-merchant\shanjupay-merchant-service\target\classes\com\shanjupay\merchant\mapper\MerchantMapper.class]: Unsatisfied dependency expressed through bean property 'sqlSessionFactory'; nested exception is org.springframework.beans.factory.UnsatisfiedDependencyException: Error creating bean with name 'sqlSessionFactory' defined in class path resource [com/baomidou/mybatisplus/autoconfigure/MybatisPlusAutoConfiguration.class]: Unsatisfied dependency expressed through method 'sqlSessionFactory' parameter 0; nested exception is org.springframework.beans.factory.BeanCreationException: Error creating bean with name 'dataSource' defined in class path resource [com/alibaba/druid/spring/boot/autoconfigure/DruidDataSourceAutoConfigure.class]: Invocation of init method failed; nested exception is org.springframework.boot.autoconfigure.jdbc.DataSourceProperties$DataSourceBeanCreationException: Failed to determine a suitable driver class
[${project.name}][${env:SERVER_PORT}] 2023-08-23 17:01:43,979 INFO [main][DubboGenericServiceFactory.java:171] - The Dubbo GenericService ReferenceBeans are destroying...
[${project.name}][${env:SERVER_PORT}] 2023-08-23 17:01:43,979 INFO [main][AnnotationInjectedBeanPostProcessor.java:293] - org.apache.dubbo.common.bytecode.proxy0@5ea9373e was destroying!
[${project.name}][${env:SERVER_PORT}] 2023-08-23 17:01:43,986 WARN [main][AbstractInterfaceConfig.java:265] -  [DUBBO] There's no valid metadata config found, if you are using the simplified mode of registry url, please make sure you have a metadata address configured properly., dubbo version: 2.7.3, current host: 192.168.253.1
[${project.name}][${env:SERVER_PORT}] 2023-08-23 17:01:43,990 INFO [main][AbstractInterfaceConfig.java:237] -  [DUBBO] There's no valid monitor config found, if you want to open monitor statistics for Dubbo, please make sure your monitor is configured properly., dubbo version: 2.7.3, current host: 192.168.253.1
[${project.name}][${env:SERVER_PORT}] 2023-08-23 17:01:43,990 INFO [main][AbstractInterfaceConfig.java:237] -  [DUBBO] There's no valid monitor config found, if you want to open monitor statistics for Dubbo, please make sure your monitor is configured properly., dubbo version: 2.7.3, current host: 192.168.253.1
[${project.name}][${env:SERVER_PORT}] 2023-08-23 17:01:43,994 WARN [main][DisposableBeanAdapter.java:267] - Invocation of destroy method failed on bean with name 'referenceAnnotationBeanPostProcessor': org.springframework.beans.factory.BeanCreationNotAllowedException: Error creating bean with name 'compositeDiscoveryClient': Singleton bean creation not allowed while singletons of this factory are in destruction (Do not request a bean from a BeanFactory in a destroy method implementation!)
[${project.name}][${env:SERVER_PORT}] 2023-08-23 17:01:43,995 INFO [main][DirectJDKLog.java:173] - Stopping service [Tomcat]
[${project.name}][${env:SERVER_PORT}] 2023-08-23 17:01:44,018 INFO [main][ConditionEvaluationReportLoggingListener.java:136] - 

Error starting ApplicationContext. To display the conditions report re-run your application with 'debug' enabled.
[${project.name}][${env:SERVER_PORT}] 2023-08-23 17:01:44,019 INFO [main][AwaitingNonWebApplicationListener.java:162] -  [Dubbo] Current Spring Boot Application is about to shutdown...
[${project.name}][${env:SERVER_PORT}] 2023-08-23 17:01:44,028 ERROR [main][LoggingFailureAnalysisReporter.java:40] - 

***************************
APPLICATION FAILED TO START
***************************

Description:

Failed to configure a DataSource: 'url' attribute is not specified and no embedded datasource could be configured.

Reason: Failed to determine a suitable driver class


Action:

Consider the following:
	If you want an embedded database (H2, HSQL or Derby), please put it on the classpath.
	If you have database settings to be loaded from a particular profile you may need to activate it (no profiles are currently active).

