[${project.name}][${env:SERVER_PORT}] 2023-08-22 20:00:15,643 ERROR [DubboServerHandler-192.168.253.1:20890-thread-74][ExceptionFilter.java:86] -  [DUBBO] Got unchecked and undeclared exception which called by 192.168.253.1. service: com.shanjupay.merchant.api.MerchantService, method: querymerchantbyid, exception: org.apache.dubbo.rpc.RpcException: No provider available in [invoker :interface com.shanjupay.merchant.mapper.MerchantMapper -> spring-cloud://localhost:9090/org.apache.dubbo.registry.RegistryService?application=merchant-service&check=false&dubbo=2.0.2&interface=com.shanjupay.merchant.mapper.MerchantMapper&lazy=false&methods=selectPage,update,insert,selectByMap,selectById,delete,deleteBatchIds,updateById,selectObjs,deleteByMap,selectOne,selectList,selectBatchIds,deleteById,selectCount,selectMapsPage,selectMaps&pid=50796&qos.enable=false&register.ip=192.168.253.1&release=2.7.3&retries=-1&side=consumer&sticky=false&timeout=9000&timestamp=1692702542251,directory: org.apache.dubbo.registry.integration.RegistryDirectory@7df4709e, invoker :interface com.shanjupay.merchant.mapper.MerchantMapper -> nacos://127.0.0.1:8848/org.apache.dubbo.registry.RegistryService?application=merchant-service&check=false&dubbo=2.0.2&interface=com.shanjupay.merchant.mapper.MerchantMapper&lazy=false&methods=selectPage,update,insert,selectByMap,selectById,delete,deleteBatchIds,updateById,selectObjs,deleteByMap,selectOne,selectList,selectBatchIds,deleteById,selectCount,selectMapsPage,selectMaps&pid=50796&qos.enable=false&register.ip=192.168.253.1&release=2.7.3&retries=-1&side=consumer&sticky=false&timeout=9000&timestamp=1692702542251,directory: org.apache.dubbo.registry.integration.RegistryDirectory@45297e7], dubbo version: 2.7.3, current host: 192.168.253.1
org.apache.dubbo.rpc.RpcException: No provider available in [invoker :interface com.shanjupay.merchant.mapper.MerchantMapper -> spring-cloud://localhost:9090/org.apache.dubbo.registry.RegistryService?application=merchant-service&check=false&dubbo=2.0.2&interface=com.shanjupay.merchant.mapper.MerchantMapper&lazy=false&methods=selectPage,update,insert,selectByMap,selectById,delete,deleteBatchIds,updateById,selectObjs,deleteByMap,selectOne,selectList,selectBatchIds,deleteById,selectCount,selectMapsPage,selectMaps&pid=50796&qos.enable=false&register.ip=192.168.253.1&release=2.7.3&retries=-1&side=consumer&sticky=false&timeout=9000&timestamp=1692702542251,directory: org.apache.dubbo.registry.integration.RegistryDirectory@7df4709e, invoker :interface com.shanjupay.merchant.mapper.MerchantMapper -> nacos://127.0.0.1:8848/org.apache.dubbo.registry.RegistryService?application=merchant-service&check=false&dubbo=2.0.2&interface=com.shanjupay.merchant.mapper.MerchantMapper&lazy=false&methods=selectPage,update,insert,selectByMap,selectById,delete,deleteBatchIds,updateById,selectObjs,deleteByMap,selectOne,selectList,selectBatchIds,deleteById,selectCount,selectMapsPage,selectMaps&pid=50796&qos.enable=false&register.ip=192.168.253.1&release=2.7.3&retries=-1&side=consumer&sticky=false&timeout=9000&timestamp=1692702542251,directory: org.apache.dubbo.registry.integration.RegistryDirectory@45297e7]
	at org.apache.dubbo.rpc.cluster.support.RegistryAwareClusterInvoker.doInvoke(RegistryAwareClusterInvoker.java:59)
	at org.apache.dubbo.rpc.cluster.support.AbstractClusterInvoker.invoke(AbstractClusterInvoker.java:248)
	at org.apache.dubbo.rpc.cluster.support.wrapper.MockClusterInvoker.invoke(MockClusterInvoker.java:78)
	at org.apache.dubbo.rpc.proxy.InvokerInvocationHandler.invoke(InvokerInvocationHandler.java:55)
	at org.apache.dubbo.common.bytecode.proxy0.selectById(proxy0.java)
	at sun.reflect.NativeMethodAccessorImpl.invoke0(Native Method)
	at sun.reflect.NativeMethodAccessorImpl.invoke(NativeMethodAccessorImpl.java:62)
	at sun.reflect.DelegatingMethodAccessorImpl.invoke(DelegatingMethodAccessorImpl.java:43)
	at java.lang.reflect.Method.invoke(Method.java:498)
	at org.apache.dubbo.config.spring.beans.factory.annotation.ReferenceAnnotationBeanPostProcessor$ReferenceBeanInvocationHandler.invoke(ReferenceAnnotationBeanPostProcessor.java:260)
	at com.sun.proxy.$Proxy133.selectById(Unknown Source)
	at com.shanjupay.merchant.service.MerchantServiceImpl.querymerchantbyid(MerchantServiceImpl.java:33)
	at com.shanjupay.merchant.service.MerchantServiceImpl$$FastClassBySpringCGLIB$$34e52a2e.invoke(<generated>)
	at org.springframework.cglib.proxy.MethodProxy.invoke(MethodProxy.java:218)
	at org.springframework.aop.framework.CglibAopProxy$CglibMethodInvocation.invokeJoinpoint(CglibAopProxy.java:771)
	at org.springframework.aop.framework.ReflectiveMethodInvocation.proceed(ReflectiveMethodInvocation.java:163)
	at org.springframework.aop.framework.CglibAopProxy$CglibMethodInvocation.proceed(CglibAopProxy.java:749)
	at com.alibaba.druid.support.spring.stat.DruidStatInterceptor.invoke(DruidStatInterceptor.java:73)
	at org.springframework.aop.framework.ReflectiveMethodInvocation.proceed(ReflectiveMethodInvocation.java:186)
	at org.springframework.aop.framework.CglibAopProxy$CglibMethodInvocation.proceed(CglibAopProxy.java:749)
	at org.springframework.aop.framework.CglibAopProxy$DynamicAdvisedInterceptor.intercept(CglibAopProxy.java:691)
	at com.shanjupay.merchant.service.MerchantServiceImpl$$EnhancerBySpringCGLIB$$29ca0c3c.querymerchantbyid(<generated>)
	at com.shanjupay.merchant.service.MerchantServiceImpl$$FastClassBySpringCGLIB$$34e52a2e.invoke(<generated>)
	at org.springframework.cglib.proxy.MethodProxy.invoke(MethodProxy.java:218)
	at org.springframework.aop.framework.CglibAopProxy$CglibMethodInvocation.invokeJoinpoint(CglibAopProxy.java:771)
	at org.springframework.aop.framework.ReflectiveMethodInvocation.proceed(ReflectiveMethodInvocation.java:163)
	at org.springframework.aop.framework.CglibAopProxy$CglibMethodInvocation.proceed(CglibAopProxy.java:749)
	at com.alibaba.druid.support.spring.stat.DruidStatInterceptor.invoke(DruidStatInterceptor.java:73)
	at org.springframework.aop.framework.ReflectiveMethodInvocation.proceed(ReflectiveMethodInvocation.java:186)
	at org.springframework.aop.framework.CglibAopProxy$CglibMethodInvocation.proceed(CglibAopProxy.java:749)
	at org.springframework.aop.framework.CglibAopProxy$DynamicAdvisedInterceptor.intercept(CglibAopProxy.java:691)
	at com.shanjupay.merchant.service.MerchantServiceImpl$$EnhancerBySpringCGLIB$$cd6dfa0e.querymerchantbyid(<generated>)
	at org.apache.dubbo.common.bytecode.Wrapper4.invokeMethod(Wrapper4.java)
	at org.apache.dubbo.rpc.proxy.javassist.JavassistProxyFactory$1.doInvoke(JavassistProxyFactory.java:47)
	at org.apache.dubbo.rpc.proxy.AbstractProxyInvoker.invoke(AbstractProxyInvoker.java:84)
	at org.apache.dubbo.config.invoker.DelegateProviderMetaDataInvoker.invoke(DelegateProviderMetaDataInvoker.java:56)
	at org.apache.dubbo.rpc.protocol.InvokerWrapper.invoke(InvokerWrapper.java:56)
	at org.apache.dubbo.rpc.filter.ExceptionFilter.invoke(ExceptionFilter.java:55)
	at org.apache.dubbo.rpc.protocol.ProtocolFilterWrapper$1.invoke(ProtocolFilterWrapper.java:82)
	at org.apache.dubbo.monitor.support.MonitorFilter.invoke(MonitorFilter.java:92)
	at org.apache.dubbo.rpc.protocol.ProtocolFilterWrapper$1.invoke(ProtocolFilterWrapper.java:82)
	at org.apache.dubbo.rpc.filter.TimeoutFilter.invoke(TimeoutFilter.java:48)
	at org.apache.dubbo.rpc.protocol.ProtocolFilterWrapper$1.invoke(ProtocolFilterWrapper.java:82)
	at org.apache.dubbo.rpc.protocol.dubbo.filter.TraceFilter.invoke(TraceFilter.java:81)
	at org.apache.dubbo.rpc.protocol.ProtocolFilterWrapper$1.invoke(ProtocolFilterWrapper.java:82)
	at org.apache.dubbo.rpc.filter.ContextFilter.invoke(ContextFilter.java:96)
	at org.apache.dubbo.rpc.protocol.ProtocolFilterWrapper$1.invoke(ProtocolFilterWrapper.java:82)
	at org.apache.dubbo.rpc.filter.GenericFilter.invoke(GenericFilter.java:148)
	at org.apache.dubbo.rpc.protocol.ProtocolFilterWrapper$1.invoke(ProtocolFilterWrapper.java:82)
	at org.apache.dubbo.rpc.filter.ClassLoaderFilter.invoke(ClassLoaderFilter.java:38)
	at org.apache.dubbo.rpc.protocol.ProtocolFilterWrapper$1.invoke(ProtocolFilterWrapper.java:82)
	at org.apache.dubbo.rpc.filter.EchoFilter.invoke(EchoFilter.java:41)
	at org.apache.dubbo.rpc.protocol.ProtocolFilterWrapper$1.invoke(ProtocolFilterWrapper.java:82)
	at org.apache.dubbo.rpc.protocol.ProtocolFilterWrapper$CallbackRegistrationInvoker.invoke(ProtocolFilterWrapper.java:157)
	at org.apache.dubbo.rpc.protocol.dubbo.DubboProtocol$1.reply(DubboProtocol.java:152)
	at org.apache.dubbo.remoting.exchange.support.header.HeaderExchangeHandler.handleRequest(HeaderExchangeHandler.java:102)
	at org.apache.dubbo.remoting.exchange.support.header.HeaderExchangeHandler.received(HeaderExchangeHandler.java:193)
	at org.apache.dubbo.remoting.transport.DecodeHandler.received(DecodeHandler.java:51)
	at org.apache.dubbo.remoting.transport.dispatcher.ChannelEventRunnable.run(ChannelEventRunnable.java:57)
	at java.util.concurrent.ThreadPoolExecutor.runWorker(ThreadPoolExecutor.java:1142)
	at java.util.concurrent.ThreadPoolExecutor$Worker.run(ThreadPoolExecutor.java:617)
	at java.lang.Thread.run(Thread.java:745)
